<?xml version="1.0" encoding="utf-8"?><testsuites name="pytest tests"><testsuite name="pytest" errors="0" failures="0" skipped="0" tests="25" time="6.078" timestamp="2026-05-12T07:31:29.248798+00:00" hostname="agent-env-56eae41c-9c0c-43b0-b7a3-cc6d3f5807de"><testcase classname="backend.tests.test_invoiceflow.TestAuth" name="test_login_success_returns_token_and_cookies" time="0.485" /><testcase classname="backend.tests.test_invoiceflow.TestAuth" name="test_login_wrong_password_401" time="0.369" /><testcase classname="backend.tests.test_invoiceflow.TestAuth" name="test_me_returns_current_user" time="0.504" /><testcase classname="backend.tests.test_invoiceflow.TestAuth" name="test_me_unauthenticated_401" time="0.106" /><testcase classname="backend.tests.test_invoiceflow.TestInvoiceWorkflow" name="test_create_invoice_in_received_stage" time="0.248" /><testcase classname="backend.tests.test_invoiceflow.TestInvoiceWorkflow" name="test_list_invoices_has_computed_fields" time="0.218" /><testcase classname="backend.tests.test_invoiceflow.TestInvoiceWorkflow" name="test_list_invoices_search_filter" time="0.099" /><testcase classname="backend.tests.test_invoiceflow.TestInvoiceWorkflow" name="test_list_invoices_status_filter" time="0.125" /><testcase classname="backend.tests.test_invoiceflow.TestInvoiceWorkflow" name="test_advance_requires_grn_at_grn_stage" time="0.326" /><testcase classname="backend.tests.test_invoiceflow.TestInvoiceWorkflow" name="test_advance_to_paid_sets_completed_at" time="0.758" /><testcase classname="backend.tests.test_invoiceflow.TestInvoiceWorkflow" name="test_return_to_vendor_and_resubmit" time="0.620" /><testcase classname="backend.tests.test_invoiceflow.TestAttachments" name="test_upload_and_download_attachment" time="0.767" /><testcase classname="backend.tests.test_invoiceflow.TestAnalytics" name="test_summary" time="0.100" /><testcase classname="backend.tests.test_invoiceflow.TestAnalytics" name="test_stage_tat" time="0.096" /><testcase classname="backend.tests.test_invoiceflow.TestAnalytics" name="test_vendors" time="0.097" /><testcase classname="backend.tests.test_invoiceflow.TestAnalytics" name="test_export_csv" time="0.109" /><testcase classname="backend.tests.test_invoiceflow.TestAnalytics" name="test_stuck_invoices_shape" time="0.124" /><testcase classname="backend.tests.test_invoiceflow.TestAnalytics" name="test_notifications_digest_no_api_key" time="0.102" /><testcase classname="backend.tests.test_invoiceflow.TestAuthEnforcement" name="test_unauth_returns_401[/api/invoices-GET]" time="0.099" /><testcase classname="backend.tests.test_invoiceflow.TestAuthEnforcement" name="test_unauth_returns_401[/api/invoices/stuck-GET]" time="0.139" /><testcase classname="backend.tests.test_invoiceflow.TestAuthEnforcement" name="test_unauth_returns_401[/api/analytics/summary-GET]" time="0.095" /><testcase classname="backend.tests.test_invoiceflow.TestAuthEnforcement" name="test_unauth_returns_401[/api/analytics/stage-tat-GET]" time="0.098" /><testcase classname="backend.tests.test_invoiceflow.TestAuthEnforcement" name="test_unauth_returns_401[/api/analytics/vendors-GET]" time="0.102" /><testcase classname="backend.tests.test_invoiceflow.TestAuthEnforcement" name="test_unauth_returns_401[/api/invoices/export/csv-GET]" time="0.100" /><testcase classname="backend.tests.test_invoiceflow.TestAuthEnforcement" name="test_unauth_returns_401[/api/notifications/digest-POST]" time="0.099" /></testsuite></testsuites>